<?xml version="1.0" encoding="UTF-8" ?>
<testsuite tests="32" failures="0" name="TestSuite" time="0.392" errors="0" skipped="0">
  <properties>
    <property name="java.runtime.name" value="Java(TM) SE Runtime Environment"/>
    <property name="sun.boot.library.path" value="C:\Program Files\Java\jdk1.8.0_112\jre\bin"/>
    <property name="java.vm.version" value="25.112-b15"/>
    <property name="java.vm.vendor" value="Oracle Corporation"/>
    <property name="maven.multiModuleProjectDirectory" value="C:\Users\Pan Laptop\workspace\springhibernate"/>
    <property name="java.vendor.url" value="http://java.oracle.com/"/>
    <property name="path.separator" value=";"/>
    <property name="guice.disable.misplaced.annotation.check" value="true"/>
    <property name="java.vm.name" value="Java HotSpot(TM) 64-Bit Server VM"/>
    <property name="file.encoding.pkg" value="sun.io"/>
    <property name="user.script" value=""/>
    <property name="user.country" value="PL"/>
    <property name="sun.java.launcher" value="SUN_STANDARD"/>
    <property name="sun.os.patch.level" value=""/>
    <property name="java.vm.specification.name" value="Java Virtual Machine Specification"/>
    <property name="user.dir" value="C:\Users\Pan Laptop\workspace\springhibernate"/>
    <property name="java.runtime.version" value="1.8.0_112-b15"/>
    <property name="java.awt.graphicsenv" value="sun.awt.Win32GraphicsEnvironment"/>
    <property name="java.endorsed.dirs" value="C:\Program Files\Java\jdk1.8.0_112\jre\lib\endorsed"/>
    <property name="os.arch" value="amd64"/>
    <property name="java.io.tmpdir" value="C:\Users\PANLAP~1\AppData\Local\Temp\"/>
    <property name="line.separator" value="
"/>
    <property name="java.vm.specification.vendor" value="Oracle Corporation"/>
    <property name="user.variant" value=""/>
    <property name="os.name" value="Windows 10"/>
    <property name="classworlds.conf" value="C:\Program Files\Maven\apache-maven-3.3.9\bin\m2.conf"/>
    <property name="sun.jnu.encoding" value="Cp1250"/>
    <property name="java.library.path" value="C:\Program Files\Java\jdk1.8.0_112\bin;C:\WINDOWS\Sun\Java\bin;C:\WINDOWS\system32;C:\WINDOWS;C:\Program Files\ConEmu\ConEmu\Scripts;C:\Program Files\ConEmu;C:\Program Files\ConEmu\ConEmu;C:\ProgramData\Oracle\Java\javapath;C:\WINDOWS\system32;C:\WINDOWS;C:\WINDOWS\System32\Wbem;C:\WINDOWS\System32\WindowsPowerShell\v1.0\;C:\Program Files (x86)\NVIDIA Corporation\PhysX\Common;C:\Program Files (x86)\Calibre2\;C:\wamp64\bin\php\php7.0.10;C:\ProgramData\ComposerSetup\bin;C:\Program Files\Git\cmd;C:\Users\Pan Laptop\AppData\Local\Microsoft\WindowsApps;C:\Program Files\Java\jdk1.8.0_112\bin;C:\Program Files\Maven\apache-maven-3.3.9\bin;C:\Users\Pan Laptop\AppData\Roaming\Composer\vendor\bin;."/>
    <property name="java.specification.name" value="Java Platform API Specification"/>
    <property name="java.class.version" value="52.0"/>
    <property name="sun.management.compiler" value="HotSpot 64-Bit Tiered Compilers"/>
    <property name="os.version" value="10.0"/>
    <property name="user.home" value="C:\Users\Pan Laptop"/>
    <property name="user.timezone" value="Europe/Belgrade"/>
    <property name="java.awt.printerjob" value="sun.awt.windows.WPrinterJob"/>
    <property name="java.specification.version" value="1.8"/>
    <property name="file.encoding" value="Cp1250"/>
    <property name="user.name" value="Pan Laptop"/>
    <property name="java.class.path" value="C:\Program Files\Maven\apache-maven-3.3.9\boot\plexus-classworlds-2.5.2.jar"/>
    <property name="java.vm.specification.version" value="1.8"/>
    <property name="sun.arch.data.model" value="64"/>
    <property name="java.home" value="C:\Program Files\Java\jdk1.8.0_112\jre"/>
    <property name="sun.java.command" value="org.codehaus.plexus.classworlds.launcher.Launcher clean test"/>
    <property name="java.specification.vendor" value="Oracle Corporation"/>
    <property name="user.language" value="pl"/>
    <property name="awt.toolkit" value="sun.awt.windows.WToolkit"/>
    <property name="java.vm.info" value="mixed mode"/>
    <property name="java.version" value="1.8.0_112"/>
    <property name="java.ext.dirs" value="C:\Program Files\Java\jdk1.8.0_112\jre\lib\ext;C:\WINDOWS\Sun\Java\lib\ext"/>
    <property name="sun.boot.class.path" value="C:\Program Files\Java\jdk1.8.0_112\jre\lib\resources.jar;C:\Program Files\Java\jdk1.8.0_112\jre\lib\rt.jar;C:\Program Files\Java\jdk1.8.0_112\jre\lib\sunrsasign.jar;C:\Program Files\Java\jdk1.8.0_112\jre\lib\jsse.jar;C:\Program Files\Java\jdk1.8.0_112\jre\lib\jce.jar;C:\Program Files\Java\jdk1.8.0_112\jre\lib\charsets.jar;C:\Program Files\Java\jdk1.8.0_112\jre\lib\jfr.jar;C:\Program Files\Java\jdk1.8.0_112\jre\classes"/>
    <property name="sun.stderr.encoding" value="cp852"/>
    <property name="java.vendor" value="Oracle Corporation"/>
    <property name="maven.home" value="C:\Program Files\Maven\apache-maven-3.3.9"/>
    <property name="file.separator" value="\"/>
    <property name="java.vendor.url.bug" value="http://bugreport.sun.com/bugreport/"/>
    <property name="sun.cpu.endian" value="little"/>
    <property name="sun.io.unicode.encoding" value="UnicodeLittle"/>
    <property name="sun.stdout.encoding" value="cp852"/>
    <property name="sun.desktop" value="windows"/>
    <property name="sun.cpu.isalist" value="amd64"/>
  </properties>
  <testcase classname="com.warsztat.springhibernate.controller.AppControllerTest" name="deleteUser" time="0.011"/>
  <testcase classname="com.warsztat.springhibernate.controller.AppControllerTest" name="editUser" time="0.026"/>
  <testcase classname="com.warsztat.springhibernate.controller.AppControllerTest" name="initializeActions" time="0.003"/>
  <testcase classname="com.warsztat.springhibernate.controller.AppControllerTest" name="listUsers" time="0.011"/>
  <testcase classname="com.warsztat.springhibernate.controller.AppControllerTest" name="newUser" time="0.001"/>
  <testcase classname="com.warsztat.springhibernate.controller.AppControllerTest" name="saveUserWithSuccess" time="0.001"/>
  <testcase classname="com.warsztat.springhibernate.controller.AppControllerTest" name="saveUserWithValidationError" time="0"/>
  <testcase classname="com.warsztat.springhibernate.controller.AppControllerTest" name="saveUserWithValidationErrorNonUniquePesel" time="0.002"/>
  <testcase classname="com.warsztat.springhibernate.controller.AppControllerTest" name="updateUserWithSuccess" time="0"/>
  <testcase classname="com.warsztat.springhibernate.controller.AppControllerTest" name="updateUserWithValidationError" time="0.001"/>
  <testcase classname="com.warsztat.springhibernate.controller.AppControllerTest" name="updateUserWithValidationErrorNonUniquePesel" time="0.001"/>
  <testcase classname="com.warsztat.springhibernate.dao.UserDaoImplTest" name="deleteByPesel" time="0.166"/>
  <testcase classname="com.warsztat.springhibernate.dao.UserDaoImplTest" name="deleteUserByInvalidPesel" time="0.008"/>
  <testcase classname="com.warsztat.springhibernate.dao.UserDaoImplTest" name="findAllUsers" time="0.002"/>
  <testcase classname="com.warsztat.springhibernate.dao.UserDaoImplTest" name="findById" time="0.026"/>
  <testcase classname="com.warsztat.springhibernate.dao.UserDaoImplTest" name="findByPesel" time="0.016"/>
  <testcase classname="com.warsztat.springhibernate.dao.UserDaoImplTest" name="save" time="0.019"/>
  <testcase classname="com.warsztat.springhibernate.dao.UserDaoImplTest" name="searchByAction" time="0.025"/>
  <testcase classname="com.warsztat.springhibernate.dao.UserDaoImplTest" name="searchByLastName" time="0.041"/>
  <testcase classname="com.warsztat.springhibernate.dao.ActionDaoImplTest" name="findAll" time="0.004"/>
  <testcase classname="com.warsztat.springhibernate.dao.ActionDaoImplTest" name="findById" time="0.005"/>
  <testcase classname="com.warsztat.springhibernate.dao.ActionDaoImplTest" name="findByType" time="0.021"/>
  <testcase classname="com.warsztat.springhibernate.service.ActionServiceImplTest" name="findAll" time="0.001"/>
  <testcase classname="com.warsztat.springhibernate.service.ActionServiceImplTest" name="findById" time="0"/>
  <testcase classname="com.warsztat.springhibernate.service.ActionServiceImplTest" name="findByType" time="0"/>
  <testcase classname="com.warsztat.springhibernate.service.UserServiceImplTest" name="deleteUserByPesel" time="0"/>
  <testcase classname="com.warsztat.springhibernate.service.UserServiceImplTest" name="findAllUsers" time="0.001"/>
  <testcase classname="com.warsztat.springhibernate.service.UserServiceImplTest" name="findById" time="0"/>
  <testcase classname="com.warsztat.springhibernate.service.UserServiceImplTest" name="findByPesel" time="0"/>
  <testcase classname="com.warsztat.springhibernate.service.UserServiceImplTest" name="isUserPeselUnique" time="0"/>
  <testcase classname="com.warsztat.springhibernate.service.UserServiceImplTest" name="saveUser" time="0"/>
  <testcase classname="com.warsztat.springhibernate.service.UserServiceImplTest" name="updateUser" time="0"/>
</testsuite>