<?xml version="1.0" encoding="UTF-8"?>
<!-- Generated by org.testng.reporters.JUnitReportReporter -->
<testsuite name="com.warsztat.springhibernate.dao.UserDaoImplTest" tests="9" time="0.801" ignored="0" failures="0" timestamp="06 lut 2017 08:34:22 GMT" skipped="0" hostname="DESKTOP-34LU833" errors="0">
  <testcase name="findById" time="0.078" classname="com.warsztat.springhibernate.dao.UserDaoImplTest"/>
  <testcase name="deleteByPesel" time="0.083" classname="com.warsztat.springhibernate.dao.UserDaoImplTest"/>
  <testcase name="save" time="0.032" classname="com.warsztat.springhibernate.dao.UserDaoImplTest"/>
  <testcase name="searchByAction" time="0.032" classname="com.warsztat.springhibernate.dao.UserDaoImplTest"/>
  <testcase name="findAllUsers" time="0.031" classname="com.warsztat.springhibernate.dao.UserDaoImplTest"/>
  <testcase name="searchByLastName" time="0.032" classname="com.warsztat.springhibernate.dao.UserDaoImplTest"/>
  <testcase name="findByPesel" time="0.156" classname="com.warsztat.springhibernate.dao.UserDaoImplTest"/>
  <testcase name="countAllUsers" time="0.327" classname="com.warsztat.springhibernate.dao.UserDaoImplTest"/>
  <testcase name="deleteUserByInvalidPesel" time="0.030" classname="com.warsztat.springhibernate.dao.UserDaoImplTest"/>
</testsuite> <!-- com.warsztat.springhibernate.dao.UserDaoImplTest -->
