<?xml version="1.0" encoding="UTF-8"?>
<!-- Generated by org.testng.reporters.JUnitReportReporter -->
<testsuite name="com.warsztat.springhibernate.service.UserServiceImplTest" tests="7" time="0.004" ignored="0" failures="0" timestamp="06 lut 2017 04:04:18 GMT" skipped="0" hostname="DESKTOP-34LU833" errors="0">
  <testcase name="findAllUsers" time="0.001" classname="com.warsztat.springhibernate.service.UserServiceImplTest"/>
  <testcase name="updateUser" time="0.001" classname="com.warsztat.springhibernate.service.UserServiceImplTest"/>
  <testcase name="isUserPeselUnique" time="0.000" classname="com.warsztat.springhibernate.service.UserServiceImplTest"/>
  <testcase name="deleteUserByPesel" time="0.001" classname="com.warsztat.springhibernate.service.UserServiceImplTest"/>
  <testcase name="findByPesel" time="0.000" classname="com.warsztat.springhibernate.service.UserServiceImplTest"/>
  <testcase name="findById" time="0.000" classname="com.warsztat.springhibernate.service.UserServiceImplTest"/>
  <testcase name="saveUser" time="0.001" classname="com.warsztat.springhibernate.service.UserServiceImplTest"/>
</testsuite> <!-- com.warsztat.springhibernate.service.UserServiceImplTest -->
