<?xml version="1.0" encoding="UTF-8"?>
<!-- Generated by org.testng.reporters.JUnitReportReporter -->
<testsuite name="com.warsztat.springhibernate.service.ActionServiceImplTest" tests="3" time="0.001" ignored="0" failures="0" timestamp="06 lut 2017 04:04:18 GMT" skipped="0" hostname="DESKTOP-34LU833" errors="0">
  <testcase name="findAll" time="0.001" classname="com.warsztat.springhibernate.service.ActionServiceImplTest"/>
  <testcase name="findById" time="0.000" classname="com.warsztat.springhibernate.service.ActionServiceImplTest"/>
  <testcase name="findByType" time="0.000" classname="com.warsztat.springhibernate.service.ActionServiceImplTest"/>
</testsuite> <!-- com.warsztat.springhibernate.service.ActionServiceImplTest -->
