<?xml version="1.0" encoding="UTF-8"?>
<!-- Generated by org.testng.reporters.JUnitReportReporter -->
<testsuite name="com.warsztat.springhibernate.controller.AppControllerTest" tests="11" time="0.056" ignored="0" failures="0" timestamp="06 lut 2017 04:04:18 GMT" skipped="0" hostname="DESKTOP-34LU833" errors="0">
  <testcase name="updateUserWithValidationErrorNonUniquePesel" time="0.001" classname="com.warsztat.springhibernate.controller.AppControllerTest"/>
  <testcase name="newUser" time="0.001" classname="com.warsztat.springhibernate.controller.AppControllerTest"/>
  <testcase name="saveUserWithSuccess" time="0.001" classname="com.warsztat.springhibernate.controller.AppControllerTest"/>
  <testcase name="updateUserWithValidationError" time="0.001" classname="com.warsztat.springhibernate.controller.AppControllerTest"/>
  <testcase name="saveUserWithValidationErrorNonUniquePesel" time="0.002" classname="com.warsztat.springhibernate.controller.AppControllerTest"/>
  <testcase name="saveUserWithValidationError" time="0.001" classname="com.warsztat.springhibernate.controller.AppControllerTest"/>
  <testcase name="updateUserWithSuccess" time="0.001" classname="com.warsztat.springhibernate.controller.AppControllerTest"/>
  <testcase name="deleteUser" time="0.009" classname="com.warsztat.springhibernate.controller.AppControllerTest"/>
  <testcase name="initializeActions" time="0.001" classname="com.warsztat.springhibernate.controller.AppControllerTest"/>
  <testcase name="listUsers" time="0.011" classname="com.warsztat.springhibernate.controller.AppControllerTest"/>
  <testcase name="editUser" time="0.027" classname="com.warsztat.springhibernate.controller.AppControllerTest"/>
</testsuite> <!-- com.warsztat.springhibernate.controller.AppControllerTest -->
