<?xml version="1.0" encoding="UTF-8"?>
<!-- Generated by org.testng.reporters.JUnitReportReporter -->
<testsuite name="com.warsztat.springhibernate.dao.ActionDaoImplTest" tests="3" time="0.076" ignored="0" failures="0" timestamp="06 lut 2017 04:04:18 GMT" skipped="0" hostname="DESKTOP-34LU833" errors="0">
  <testcase name="findById" time="0.019" classname="com.warsztat.springhibernate.dao.ActionDaoImplTest"/>
  <testcase name="findByType" time="0.032" classname="com.warsztat.springhibernate.dao.ActionDaoImplTest"/>
  <testcase name="findAll" time="0.025" classname="com.warsztat.springhibernate.dao.ActionDaoImplTest"/>
</testsuite> <!-- com.warsztat.springhibernate.dao.ActionDaoImplTest -->
